2015-03-18 23:24:58,006 [6] INFO  _Default 
----------------------------------------

2015-03-18 23:24:58,013 [6] ERROR _Default One or both of Username and Password are invalid. 
2015-03-18 23:24:58,017 [6] ERROR _Default 
Server stack trace: 
   at System.ServiceModel.Channels.ServiceChannel.HandleReply(ProxyOperationRuntime operation, ProxyRpc& rpc)
   at System.ServiceModel.Channels.ServiceChannel.Call(String action, Boolean oneway, ProxyOperationRuntime operation, Object[] ins, Object[] outs, TimeSpan timeout)
   at System.ServiceModel.Channels.ServiceChannelProxy.InvokeService(IMethodCallMessage methodCall, ProxyOperationRuntime operation)
   at System.ServiceModel.Channels.ServiceChannelProxy.Invoke(IMessage message)

Exception rethrown at [0]: 
   at System.Runtime.Remoting.Proxies.RealProxy.HandleReturnMessage(IMessage reqMsg, IMessage retMsg)
   at System.Runtime.Remoting.Proxies.RealProxy.PrivateInvoke(MessageData& msgData, Int32 type)
   at ServiceReference1.DSAPIServiceSoap.RequestTemplates(RequestTemplatesRequest request)
   at ServiceReference1.DSAPIServiceSoapClient.ServiceReference1.DSAPIServiceSoap.RequestTemplates(RequestTemplatesRequest request) in c:\Users\vasu.sampath\AppData\Local\Temp\Temporary ASP.NET Files\vs\c5fcb7fe\4a61931f\App_WebReferences.4b2vwgjp.0.cs:line 15404
   at ServiceReference1.DSAPIServiceSoapClient.RequestTemplates(String AccountID, Boolean IncludeAdvancedTemplates) in c:\Users\vasu.sampath\AppData\Local\Temp\Temporary ASP.NET Files\vs\c5fcb7fe\4a61931f\App_WebReferences.4b2vwgjp.0.cs:line 15411
   at _Default.getTemplates(Object sender, EventArgs e) in c:\Users\vasu.sampath\git\AdvancedFormsFieldsWorkflow\demos\Default.aspx.cs:line 100
2015-03-18 23:26:03,632 [8] INFO  _Default 
----------------------------------------

2015-03-18 23:26:03,632 [8] ERROR _Default One or both of Username and Password are invalid. 
2015-03-18 23:26:03,633 [8] ERROR _Default 
Server stack trace: 
   at System.ServiceModel.Channels.ServiceChannel.HandleReply(ProxyOperationRuntime operation, ProxyRpc& rpc)
   at System.ServiceModel.Channels.ServiceChannel.Call(String action, Boolean oneway, ProxyOperationRuntime operation, Object[] ins, Object[] outs, TimeSpan timeout)
   at System.ServiceModel.Channels.ServiceChannelProxy.InvokeService(IMethodCallMessage methodCall, ProxyOperationRuntime operation)
   at System.ServiceModel.Channels.ServiceChannelProxy.Invoke(IMessage message)

Exception rethrown at [0]: 
   at System.Runtime.Remoting.Proxies.RealProxy.HandleReturnMessage(IMessage reqMsg, IMessage retMsg)
   at System.Runtime.Remoting.Proxies.RealProxy.PrivateInvoke(MessageData& msgData, Int32 type)
   at ServiceReference1.DSAPIServiceSoap.CreateEnvelopeFromTemplatesAndForms(EnvelopeInformation EnvelopeInformation, CompositeTemplate[] CompositeTemplates, Boolean ActivateEnvelope)
   at ServiceReference1.DSAPIServiceSoapClient.CreateEnvelopeFromTemplatesAndForms(EnvelopeInformation EnvelopeInformation, CompositeTemplate[] CompositeTemplates, Boolean ActivateEnvelope) in c:\Users\vasu.sampath\AppData\Local\Temp\Temporary ASP.NET Files\vs\c5fcb7fe\4a61931f\App_WebReferences.4b2vwgjp.0.cs:line 15355
   at _Default.createEnvelope() in c:\Users\vasu.sampath\git\AdvancedFormsFieldsWorkflow\demos\Default.aspx.cs:line 233
2015-10-05 12:43:12,839 [7] INFO  DynamicFields 
----------------------------------------

2015-10-05 12:43:12,849 [7] ERROR DynamicFields One or both of Username and Password are invalid. 
2015-10-05 12:43:12,853 [7] ERROR DynamicFields 
Server stack trace: 
   at System.ServiceModel.Channels.ServiceChannel.HandleReply(ProxyOperationRuntime operation, ProxyRpc& rpc)
   at System.ServiceModel.Channels.ServiceChannel.Call(String action, Boolean oneway, ProxyOperationRuntime operation, Object[] ins, Object[] outs, TimeSpan timeout)
   at System.ServiceModel.Channels.ServiceChannelProxy.InvokeService(IMethodCallMessage methodCall, ProxyOperationRuntime operation)
   at System.ServiceModel.Channels.ServiceChannelProxy.Invoke(IMessage message)

Exception rethrown at [0]: 
   at System.Runtime.Remoting.Proxies.RealProxy.HandleReturnMessage(IMessage reqMsg, IMessage retMsg)
   at System.Runtime.Remoting.Proxies.RealProxy.PrivateInvoke(MessageData& msgData, Int32 type)
   at ServiceReference1.DSAPIServiceSoap.CreateEnvelopeFromTemplatesAndForms(EnvelopeInformation EnvelopeInformation, CompositeTemplate[] CompositeTemplates, Boolean ActivateEnvelope)
   at ServiceReference1.DSAPIServiceSoapClient.CreateEnvelopeFromTemplatesAndForms(EnvelopeInformation EnvelopeInformation, CompositeTemplate[] CompositeTemplates, Boolean ActivateEnvelope) in c:\Users\vasu.sampath\AppData\Local\Temp\Temporary ASP.NET Files\vs\c5fcb7fe\4a61931f\App_WebReferences.x9dlzzjn.0.cs:line 15355
   at DynamicFields.createEnvelope() in c:\Users\vasu.sampath\git\AdvancedFormsFieldsWorkflow\demos\DynamicFields.aspx.cs:line 194
2015-10-05 12:47:52,426 [5] INFO  DynamicFields 
----------------------------------------

2015-10-05 12:47:53,019 [5] ERROR DynamicFields Freeform signing is not allowed for your account because it conflicts with other settings, please place signing tabs for each signer. 
2015-10-05 12:48:07,746 [5] ERROR DynamicFields 
Server stack trace: 
   at System.ServiceModel.Channels.ServiceChannel.HandleReply(ProxyOperationRuntime operation, ProxyRpc& rpc)
   at System.ServiceModel.Channels.ServiceChannel.Call(String action, Boolean oneway, ProxyOperationRuntime operation, Object[] ins, Object[] outs, TimeSpan timeout)
   at System.ServiceModel.Channels.ServiceChannelProxy.InvokeService(IMethodCallMessage methodCall, ProxyOperationRuntime operation)
   at System.ServiceModel.Channels.ServiceChannelProxy.Invoke(IMessage message)

Exception rethrown at [0]: 
   at System.Runtime.Remoting.Proxies.RealProxy.HandleReturnMessage(IMessage reqMsg, IMessage retMsg)
   at System.Runtime.Remoting.Proxies.RealProxy.PrivateInvoke(MessageData& msgData, Int32 type)
   at ServiceReference1.DSAPIServiceSoap.CreateEnvelopeFromTemplatesAndForms(EnvelopeInformation EnvelopeInformation, CompositeTemplate[] CompositeTemplates, Boolean ActivateEnvelope)
   at ServiceReference1.DSAPIServiceSoapClient.CreateEnvelopeFromTemplatesAndForms(EnvelopeInformation EnvelopeInformation, CompositeTemplate[] CompositeTemplates, Boolean ActivateEnvelope) in c:\Users\vasu.sampath\AppData\Local\Temp\Temporary ASP.NET Files\vs\c5fcb7fe\4a61931f\App_WebReferences.x9dlzzjn.0.cs:line 15355
   at DynamicFields.createEnvelope() in c:\Users\vasu.sampath\git\AdvancedFormsFieldsWorkflow\demos\DynamicFields.aspx.cs:line 194
2015-10-05 13:10:48,329 [28] INFO  DynamicFields 
----------------------------------------

2015-10-05 13:10:48,335 [28] ERROR DynamicFields Freeform signing is not allowed for your account because it conflicts with other settings, please place signing tabs for each signer. 
2015-10-05 13:10:48,339 [28] ERROR DynamicFields 
Server stack trace: 
   at System.ServiceModel.Channels.ServiceChannel.HandleReply(ProxyOperationRuntime operation, ProxyRpc& rpc)
   at System.ServiceModel.Channels.ServiceChannel.Call(String action, Boolean oneway, ProxyOperationRuntime operation, Object[] ins, Object[] outs, TimeSpan timeout)
   at System.ServiceModel.Channels.ServiceChannelProxy.InvokeService(IMethodCallMessage methodCall, ProxyOperationRuntime operation)
   at System.ServiceModel.Channels.ServiceChannelProxy.Invoke(IMessage message)

Exception rethrown at [0]: 
   at System.Runtime.Remoting.Proxies.RealProxy.HandleReturnMessage(IMessage reqMsg, IMessage retMsg)
   at System.Runtime.Remoting.Proxies.RealProxy.PrivateInvoke(MessageData& msgData, Int32 type)
   at ServiceReference1.DSAPIServiceSoap.CreateEnvelopeFromTemplatesAndForms(EnvelopeInformation EnvelopeInformation, CompositeTemplate[] CompositeTemplates, Boolean ActivateEnvelope)
   at ServiceReference1.DSAPIServiceSoapClient.CreateEnvelopeFromTemplatesAndForms(EnvelopeInformation EnvelopeInformation, CompositeTemplate[] CompositeTemplates, Boolean ActivateEnvelope) in c:\Users\vasu.sampath\AppData\Local\Temp\Temporary ASP.NET Files\vs\c5fcb7fe\4a61931f\App_WebReferences.n8agquat.0.cs:line 15542
   at DynamicFields.createEnvelope() in c:\Users\vasu.sampath\git\AdvancedFormsFieldsWorkflow\demos\DynamicFields.aspx.cs:line 194
2015-12-23 17:57:14,091 [9] INFO  finance_ViewConnectMessages 
----------------------------------------

2015-12-23 17:57:14,098 [9] ERROR finance_ViewConnectMessages The ConnectionString property has not been initialized.
2015-12-23 17:57:14,101 [9] ERROR finance_ViewConnectMessages    at System.Data.SqlClient.SqlConnection.PermissionDemand()
   at System.Data.SqlClient.SqlConnectionFactory.PermissionDemand(DbConnection outerConnection)
   at System.Data.ProviderBase.DbConnectionInternal.TryOpenConnectionInternal(DbConnection outerConnection, DbConnectionFactory connectionFactory, TaskCompletionSource`1 retry, DbConnectionOptions userOptions)
   at System.Data.ProviderBase.DbConnectionClosed.TryOpenConnection(DbConnection outerConnection, DbConnectionFactory connectionFactory, TaskCompletionSource`1 retry, DbConnectionOptions userOptions)
   at System.Data.SqlClient.SqlConnection.TryOpenInner(TaskCompletionSource`1 retry)
   at System.Data.SqlClient.SqlConnection.TryOpen(TaskCompletionSource`1 retry)
   at System.Data.SqlClient.SqlConnection.Open()
   at finance_ViewConnectMessages.GetConnectMessages(String envelopeID) in c:\Users\vasu.sampath\git\AdvancedFormsFieldsWorkflow\demos\ViewConnectMessages.aspx.cs:line 73
2015-12-23 19:16:48,326 [37] INFO  finance_ViewConnectMessages 
----------------------------------------

2015-12-23 19:16:48,332 [37] ERROR finance_ViewConnectMessages A network-related or instance-specific error occurred while establishing a connection to SQL Server. The server was not found or was not accessible. Verify that the instance name is correct and that SQL Server is configured to allow remote connections. (provider: SQL Network Interfaces, error: 26 - Error Locating Server/Instance Specified)
2015-12-23 19:16:48,334 [37] ERROR finance_ViewConnectMessages    at System.Data.SqlClient.SqlInternalConnection.OnError(SqlException exception, Boolean breakConnection, Action`1 wrapCloseInAction)
   at System.Data.SqlClient.TdsParser.ThrowExceptionAndWarning(TdsParserStateObject stateObj, Boolean callerHasConnectionLock, Boolean asyncClose)
   at System.Data.SqlClient.TdsParser.Connect(ServerInfo serverInfo, SqlInternalConnectionTds connHandler, Boolean ignoreSniOpenTimeout, Int64 timerExpire, Boolean encrypt, Boolean trustServerCert, Boolean integratedSecurity, Boolean withFailover)
   at System.Data.SqlClient.SqlInternalConnectionTds.AttemptOneLogin(ServerInfo serverInfo, String newPassword, SecureString newSecurePassword, Boolean ignoreSniOpenTimeout, TimeoutTimer timeout, Boolean withFailover)
   at System.Data.SqlClient.SqlInternalConnectionTds.LoginNoFailover(ServerInfo serverInfo, String newPassword, SecureString newSecurePassword, Boolean redirectedUserInstance, SqlConnectionString connectionOptions, SqlCredential credential, TimeoutTimer timeout)
   at System.Data.SqlClient.SqlInternalConnectionTds.OpenLoginEnlist(TimeoutTimer timeout, SqlConnectionString connectionOptions, SqlCredential credential, String newPassword, SecureString newSecurePassword, Boolean redirectedUserInstance)
   at System.Data.SqlClient.SqlInternalConnectionTds..ctor(DbConnectionPoolIdentity identity, SqlConnectionString connectionOptions, SqlCredential credential, Object providerInfo, String newPassword, SecureString newSecurePassword, Boolean redirectedUserInstance, SqlConnectionString userConnectionOptions, SessionData reconnectSessionData)
   at System.Data.SqlClient.SqlConnectionFactory.CreateConnection(DbConnectionOptions options, DbConnectionPoolKey poolKey, Object poolGroupProviderInfo, DbConnectionPool pool, DbConnection owningConnection, DbConnectionOptions userOptions)
   at System.Data.ProviderBase.DbConnectionFactory.CreatePooledConnection(DbConnectionPool pool, DbConnection owningObject, DbConnectionOptions options, DbConnectionPoolKey poolKey, DbConnectionOptions userOptions)
   at System.Data.ProviderBase.DbConnectionPool.CreateObject(DbConnection owningObject, DbConnectionOptions userOptions, DbConnectionInternal oldConnection)
   at System.Data.ProviderBase.DbConnectionPool.UserCreateRequest(DbConnection owningObject, DbConnectionOptions userOptions, DbConnectionInternal oldConnection)
   at System.Data.ProviderBase.DbConnectionPool.TryGetConnection(DbConnection owningObject, UInt32 waitForMultipleObjectsTimeout, Boolean allowCreate, Boolean onlyOneCheckConnection, DbConnectionOptions userOptions, DbConnectionInternal& connection)
   at System.Data.ProviderBase.DbConnectionPool.TryGetConnection(DbConnection owningObject, TaskCompletionSource`1 retry, DbConnectionOptions userOptions, DbConnectionInternal& connection)
   at System.Data.ProviderBase.DbConnectionFactory.TryGetConnection(DbConnection owningConnection, TaskCompletionSource`1 retry, DbConnectionOptions userOptions, DbConnectionInternal oldConnection, DbConnectionInternal& connection)
   at System.Data.ProviderBase.DbConnectionInternal.TryOpenConnectionInternal(DbConnection outerConnection, DbConnectionFactory connectionFactory, TaskCompletionSource`1 retry, DbConnectionOptions userOptions)
   at System.Data.ProviderBase.DbConnectionClosed.TryOpenConnection(DbConnection outerConnection, DbConnectionFactory connectionFactory, TaskCompletionSource`1 retry, DbConnectionOptions userOptions)
   at System.Data.SqlClient.SqlConnection.TryOpenInner(TaskCompletionSource`1 retry)
   at System.Data.SqlClient.SqlConnection.TryOpen(TaskCompletionSource`1 retry)
   at System.Data.SqlClient.SqlConnection.Open()
   at finance_ViewConnectMessages.GetConnectMessages(String envelopeID) in c:\Users\vasu.sampath\git\AdvancedFormsFieldsWorkflow\demos\ViewConnectMessages.aspx.cs:line 73
2015-12-23 19:17:22,903 [28] INFO  finance_ViewFormData 
----------------------------------------

2015-12-23 19:17:22,903 [28] ERROR finance_ViewFormData A network-related or instance-specific error occurred while establishing a connection to SQL Server. The server was not found or was not accessible. Verify that the instance name is correct and that SQL Server is configured to allow remote connections. (provider: SQL Network Interfaces, error: 26 - Error Locating Server/Instance Specified)
2015-12-23 19:17:22,903 [28] ERROR finance_ViewFormData    at System.Data.SqlClient.SqlInternalConnection.OnError(SqlException exception, Boolean breakConnection, Action`1 wrapCloseInAction)
   at System.Data.SqlClient.TdsParser.ThrowExceptionAndWarning(TdsParserStateObject stateObj, Boolean callerHasConnectionLock, Boolean asyncClose)
   at System.Data.SqlClient.TdsParser.Connect(ServerInfo serverInfo, SqlInternalConnectionTds connHandler, Boolean ignoreSniOpenTimeout, Int64 timerExpire, Boolean encrypt, Boolean trustServerCert, Boolean integratedSecurity, Boolean withFailover)
   at System.Data.SqlClient.SqlInternalConnectionTds.AttemptOneLogin(ServerInfo serverInfo, String newPassword, SecureString newSecurePassword, Boolean ignoreSniOpenTimeout, TimeoutTimer timeout, Boolean withFailover)
   at System.Data.SqlClient.SqlInternalConnectionTds.LoginNoFailover(ServerInfo serverInfo, String newPassword, SecureString newSecurePassword, Boolean redirectedUserInstance, SqlConnectionString connectionOptions, SqlCredential credential, TimeoutTimer timeout)
   at System.Data.SqlClient.SqlInternalConnectionTds.OpenLoginEnlist(TimeoutTimer timeout, SqlConnectionString connectionOptions, SqlCredential credential, String newPassword, SecureString newSecurePassword, Boolean redirectedUserInstance)
   at System.Data.SqlClient.SqlInternalConnectionTds..ctor(DbConnectionPoolIdentity identity, SqlConnectionString connectionOptions, SqlCredential credential, Object providerInfo, String newPassword, SecureString newSecurePassword, Boolean redirectedUserInstance, SqlConnectionString userConnectionOptions, SessionData reconnectSessionData)
   at System.Data.SqlClient.SqlConnectionFactory.CreateConnection(DbConnectionOptions options, DbConnectionPoolKey poolKey, Object poolGroupProviderInfo, DbConnectionPool pool, DbConnection owningConnection, DbConnectionOptions userOptions)
   at System.Data.ProviderBase.DbConnectionFactory.CreatePooledConnection(DbConnectionPool pool, DbConnection owningObject, DbConnectionOptions options, DbConnectionPoolKey poolKey, DbConnectionOptions userOptions)
   at System.Data.ProviderBase.DbConnectionPool.CreateObject(DbConnection owningObject, DbConnectionOptions userOptions, DbConnectionInternal oldConnection)
   at System.Data.ProviderBase.DbConnectionPool.UserCreateRequest(DbConnection owningObject, DbConnectionOptions userOptions, DbConnectionInternal oldConnection)
   at System.Data.ProviderBase.DbConnectionPool.TryGetConnection(DbConnection owningObject, UInt32 waitForMultipleObjectsTimeout, Boolean allowCreate, Boolean onlyOneCheckConnection, DbConnectionOptions userOptions, DbConnectionInternal& connection)
   at System.Data.ProviderBase.DbConnectionPool.TryGetConnection(DbConnection owningObject, TaskCompletionSource`1 retry, DbConnectionOptions userOptions, DbConnectionInternal& connection)
   at System.Data.ProviderBase.DbConnectionFactory.TryGetConnection(DbConnection owningConnection, TaskCompletionSource`1 retry, DbConnectionOptions userOptions, DbConnectionInternal oldConnection, DbConnectionInternal& connection)
   at System.Data.ProviderBase.DbConnectionInternal.TryOpenConnectionInternal(DbConnection outerConnection, DbConnectionFactory connectionFactory, TaskCompletionSource`1 retry, DbConnectionOptions userOptions)
   at System.Data.ProviderBase.DbConnectionClosed.TryOpenConnection(DbConnection outerConnection, DbConnectionFactory connectionFactory, TaskCompletionSource`1 retry, DbConnectionOptions userOptions)
   at System.Data.SqlClient.SqlConnection.TryOpenInner(TaskCompletionSource`1 retry)
   at System.Data.SqlClient.SqlConnection.TryOpen(TaskCompletionSource`1 retry)
   at System.Data.SqlClient.SqlConnection.Open()
   at finance_ViewFormData.GetEnvelopeData(String envelopeID) in c:\Users\vasu.sampath\git\AdvancedFormsFieldsWorkflow\demos\ViewFormData.aspx.cs:line 191
2015-12-23 22:16:06,721 [28] INFO  finance_ViewFormData 
----------------------------------------

2015-12-23 22:16:06,721 [28] ERROR finance_ViewFormData There is no Unicode byte order mark. Cannot switch to Unicode.
2015-12-23 22:16:06,728 [28] ERROR finance_ViewFormData    at System.Xml.XmlTextReaderImpl.Throw(Exception e)
   at System.Xml.XmlTextReaderImpl.ThrowWithoutLineInfo(String res)
   at System.Xml.XmlTextReaderImpl.CheckEncoding(String newEncodingName)
   at System.Xml.XmlTextReaderImpl.ParseXmlDeclaration(Boolean isTextDecl)
   at System.Xml.XmlTextReaderImpl.Read()
   at System.Xml.XmlLoader.Load(XmlDocument doc, XmlReader reader, Boolean preserveWhitespace)
   at System.Xml.XmlDocument.Load(XmlReader reader)
   at System.Xml.XmlDocument.Load(String filename)
   at finance_ViewFormData.fillFieldData() in c:\Users\vasu.sampath\git\AdvancedFormsFieldsWorkflow\demos\ViewFormData.aspx.cs:line 130
2015-12-23 22:18:50,815 [32] INFO  finance_ViewConnectMessages 
----------------------------------------

2015-12-23 22:18:50,815 [32] ERROR finance_ViewConnectMessages A network-related or instance-specific error occurred while establishing a connection to SQL Server. The server was not found or was not accessible. Verify that the instance name is correct and that SQL Server is configured to allow remote connections. (provider: SQL Network Interfaces, error: 26 - Error Locating Server/Instance Specified)
2015-12-23 22:18:50,825 [32] ERROR finance_ViewConnectMessages    at System.Data.SqlClient.SqlInternalConnection.OnError(SqlException exception, Boolean breakConnection, Action`1 wrapCloseInAction)
   at System.Data.SqlClient.TdsParser.ThrowExceptionAndWarning(TdsParserStateObject stateObj, Boolean callerHasConnectionLock, Boolean asyncClose)
   at System.Data.SqlClient.TdsParser.Connect(ServerInfo serverInfo, SqlInternalConnectionTds connHandler, Boolean ignoreSniOpenTimeout, Int64 timerExpire, Boolean encrypt, Boolean trustServerCert, Boolean integratedSecurity, Boolean withFailover)
   at System.Data.SqlClient.SqlInternalConnectionTds.AttemptOneLogin(ServerInfo serverInfo, String newPassword, SecureString newSecurePassword, Boolean ignoreSniOpenTimeout, TimeoutTimer timeout, Boolean withFailover)
   at System.Data.SqlClient.SqlInternalConnectionTds.LoginNoFailover(ServerInfo serverInfo, String newPassword, SecureString newSecurePassword, Boolean redirectedUserInstance, SqlConnectionString connectionOptions, SqlCredential credential, TimeoutTimer timeout)
   at System.Data.SqlClient.SqlInternalConnectionTds.OpenLoginEnlist(TimeoutTimer timeout, SqlConnectionString connectionOptions, SqlCredential credential, String newPassword, SecureString newSecurePassword, Boolean redirectedUserInstance)
   at System.Data.SqlClient.SqlInternalConnectionTds..ctor(DbConnectionPoolIdentity identity, SqlConnectionString connectionOptions, SqlCredential credential, Object providerInfo, String newPassword, SecureString newSecurePassword, Boolean redirectedUserInstance, SqlConnectionString userConnectionOptions, SessionData reconnectSessionData)
   at System.Data.SqlClient.SqlConnectionFactory.CreateConnection(DbConnectionOptions options, DbConnectionPoolKey poolKey, Object poolGroupProviderInfo, DbConnectionPool pool, DbConnection owningConnection, DbConnectionOptions userOptions)
   at System.Data.ProviderBase.DbConnectionFactory.CreatePooledConnection(DbConnectionPool pool, DbConnection owningObject, DbConnectionOptions options, DbConnectionPoolKey poolKey, DbConnectionOptions userOptions)
   at System.Data.ProviderBase.DbConnectionPool.CreateObject(DbConnection owningObject, DbConnectionOptions userOptions, DbConnectionInternal oldConnection)
   at System.Data.ProviderBase.DbConnectionPool.UserCreateRequest(DbConnection owningObject, DbConnectionOptions userOptions, DbConnectionInternal oldConnection)
   at System.Data.ProviderBase.DbConnectionPool.TryGetConnection(DbConnection owningObject, UInt32 waitForMultipleObjectsTimeout, Boolean allowCreate, Boolean onlyOneCheckConnection, DbConnectionOptions userOptions, DbConnectionInternal& connection)
   at System.Data.ProviderBase.DbConnectionPool.TryGetConnection(DbConnection owningObject, TaskCompletionSource`1 retry, DbConnectionOptions userOptions, DbConnectionInternal& connection)
   at System.Data.ProviderBase.DbConnectionFactory.TryGetConnection(DbConnection owningConnection, TaskCompletionSource`1 retry, DbConnectionOptions userOptions, DbConnectionInternal oldConnection, DbConnectionInternal& connection)
   at System.Data.ProviderBase.DbConnectionInternal.TryOpenConnectionInternal(DbConnection outerConnection, DbConnectionFactory connectionFactory, TaskCompletionSource`1 retry, DbConnectionOptions userOptions)
   at System.Data.ProviderBase.DbConnectionClosed.TryOpenConnection(DbConnection outerConnection, DbConnectionFactory connectionFactory, TaskCompletionSource`1 retry, DbConnectionOptions userOptions)
   at System.Data.SqlClient.SqlConnection.TryOpenInner(TaskCompletionSource`1 retry)
   at System.Data.SqlClient.SqlConnection.TryOpen(TaskCompletionSource`1 retry)
   at System.Data.SqlClient.SqlConnection.Open()
   at finance_ViewConnectMessages.GetConnectMessages(String envelopeID) in c:\Users\vasu.sampath\git\AdvancedFormsFieldsWorkflow\demos\ViewConnectMessages.aspx.cs:line 73
2015-12-23 22:26:19,416 [60] INFO  demos_ParseXML 
----------------------------------------

2015-12-23 22:26:20,134 [60] ERROR demos_ParseXML There is no Unicode byte order mark. Cannot switch to Unicode.
2015-12-23 22:26:52,365 [60] ERROR demos_ParseXML    at System.Xml.XmlTextReaderImpl.Throw(Exception e)
   at System.Xml.XmlTextReaderImpl.ThrowWithoutLineInfo(String res)
   at System.Xml.XmlTextReaderImpl.CheckEncoding(String newEncodingName)
   at System.Xml.XmlTextReaderImpl.ParseXmlDeclaration(Boolean isTextDecl)
   at System.Xml.XmlTextReaderImpl.Read()
   at System.Xml.XmlLoader.Load(XmlDocument doc, XmlReader reader, Boolean preserveWhitespace)
   at System.Xml.XmlDocument.Load(XmlReader reader)
   at System.Xml.XmlDocument.Load(String filename)
   at demos_ParseXML.fillFieldData() in c:\Users\vasu.sampath\git\AdvancedFormsFieldsWorkflow\demos\ParseXML.aspx.cs:line 50
2015-12-23 22:28:28,796 [58] INFO  demos_ParseXML 
----------------------------------------

2015-12-23 22:28:29,920 [58] ERROR demos_ParseXML There is no Unicode byte order mark. Cannot switch to Unicode.
2015-12-23 22:30:30,127 [58] ERROR demos_ParseXML    at System.Xml.XmlTextReaderImpl.Throw(Exception e)
   at System.Xml.XmlTextReaderImpl.ThrowWithoutLineInfo(String res)
   at System.Xml.XmlTextReaderImpl.CheckEncoding(String newEncodingName)
   at System.Xml.XmlTextReaderImpl.ParseXmlDeclaration(Boolean isTextDecl)
   at System.Xml.XmlTextReaderImpl.Read()
   at System.Xml.XmlLoader.Load(XmlDocument doc, XmlReader reader, Boolean preserveWhitespace)
   at System.Xml.XmlDocument.Load(XmlReader reader)
   at System.Xml.XmlDocument.Load(String filename)
   at demos_ParseXML.fillFieldData() in c:\Users\vasu.sampath\git\AdvancedFormsFieldsWorkflow\demos\ParseXML.aspx.cs:line 50
2015-12-23 22:30:30,136 [37] INFO  demos_ParseXML 
----------------------------------------

2015-12-23 22:30:30,136 [37] ERROR demos_ParseXML There is no Unicode byte order mark. Cannot switch to Unicode.
2015-12-23 22:30:30,136 [37] ERROR demos_ParseXML    at System.Xml.XmlTextReaderImpl.Throw(Exception e)
   at System.Xml.XmlTextReaderImpl.ThrowWithoutLineInfo(String res)
   at System.Xml.XmlTextReaderImpl.CheckEncoding(String newEncodingName)
   at System.Xml.XmlTextReaderImpl.ParseXmlDeclaration(Boolean isTextDecl)
   at System.Xml.XmlTextReaderImpl.Read()
   at System.Xml.XmlLoader.Load(XmlDocument doc, XmlReader reader, Boolean preserveWhitespace)
   at System.Xml.XmlDocument.Load(XmlReader reader)
   at System.Xml.XmlDocument.Load(String filename)
   at demos_ParseXML.fillFieldData() in c:\Users\vasu.sampath\git\AdvancedFormsFieldsWorkflow\demos\ParseXML.aspx.cs:line 50
2015-12-23 22:30:52,762 [73] INFO  demos_ParseXML 
----------------------------------------

2015-12-23 22:30:53,468 [73] ERROR demos_ParseXML There is no Unicode byte order mark. Cannot switch to Unicode.
2015-12-23 22:30:54,171 [73] ERROR demos_ParseXML    at System.Xml.XmlTextReaderImpl.Throw(Exception e)
   at System.Xml.XmlTextReaderImpl.ThrowWithoutLineInfo(String res)
   at System.Xml.XmlTextReaderImpl.CheckEncoding(String newEncodingName)
   at System.Xml.XmlTextReaderImpl.ParseXmlDeclaration(Boolean isTextDecl)
   at System.Xml.XmlTextReaderImpl.Read()
   at System.Xml.XmlLoader.Load(XmlDocument doc, XmlReader reader, Boolean preserveWhitespace)
   at System.Xml.XmlDocument.Load(XmlReader reader)
   at System.Xml.XmlDocument.Load(String filename)
   at demos_ParseXML.fillFieldData() in c:\Users\vasu.sampath\git\AdvancedFormsFieldsWorkflow\demos\ParseXML.aspx.cs:line 50
2015-12-23 23:16:28,220 [6] INFO  finance_ViewConnectMessages 
----------------------------------------

2015-12-23 23:16:28,226 [6] ERROR finance_ViewConnectMessages A network-related or instance-specific error occurred while establishing a connection to SQL Server. The server was not found or was not accessible. Verify that the instance name is correct and that SQL Server is configured to allow remote connections. (provider: SQL Network Interfaces, error: 26 - Error Locating Server/Instance Specified)
2015-12-23 23:16:28,228 [6] ERROR finance_ViewConnectMessages    at System.Data.SqlClient.SqlInternalConnection.OnError(SqlException exception, Boolean breakConnection, Action`1 wrapCloseInAction)
   at System.Data.SqlClient.TdsParser.ThrowExceptionAndWarning(TdsParserStateObject stateObj, Boolean callerHasConnectionLock, Boolean asyncClose)
   at System.Data.SqlClient.TdsParser.Connect(ServerInfo serverInfo, SqlInternalConnectionTds connHandler, Boolean ignoreSniOpenTimeout, Int64 timerExpire, Boolean encrypt, Boolean trustServerCert, Boolean integratedSecurity, Boolean withFailover)
   at System.Data.SqlClient.SqlInternalConnectionTds.AttemptOneLogin(ServerInfo serverInfo, String newPassword, SecureString newSecurePassword, Boolean ignoreSniOpenTimeout, TimeoutTimer timeout, Boolean withFailover)
   at System.Data.SqlClient.SqlInternalConnectionTds.LoginNoFailover(ServerInfo serverInfo, String newPassword, SecureString newSecurePassword, Boolean redirectedUserInstance, SqlConnectionString connectionOptions, SqlCredential credential, TimeoutTimer timeout)
   at System.Data.SqlClient.SqlInternalConnectionTds.OpenLoginEnlist(TimeoutTimer timeout, SqlConnectionString connectionOptions, SqlCredential credential, String newPassword, SecureString newSecurePassword, Boolean redirectedUserInstance)
   at System.Data.SqlClient.SqlInternalConnectionTds..ctor(DbConnectionPoolIdentity identity, SqlConnectionString connectionOptions, SqlCredential credential, Object providerInfo, String newPassword, SecureString newSecurePassword, Boolean redirectedUserInstance, SqlConnectionString userConnectionOptions, SessionData reconnectSessionData)
   at System.Data.SqlClient.SqlConnectionFactory.CreateConnection(DbConnectionOptions options, DbConnectionPoolKey poolKey, Object poolGroupProviderInfo, DbConnectionPool pool, DbConnection owningConnection, DbConnectionOptions userOptions)
   at System.Data.ProviderBase.DbConnectionFactory.CreatePooledConnection(DbConnectionPool pool, DbConnection owningObject, DbConnectionOptions options, DbConnectionPoolKey poolKey, DbConnectionOptions userOptions)
   at System.Data.ProviderBase.DbConnectionPool.CreateObject(DbConnection owningObject, DbConnectionOptions userOptions, DbConnectionInternal oldConnection)
   at System.Data.ProviderBase.DbConnectionPool.UserCreateRequest(DbConnection owningObject, DbConnectionOptions userOptions, DbConnectionInternal oldConnection)
   at System.Data.ProviderBase.DbConnectionPool.TryGetConnection(DbConnection owningObject, UInt32 waitForMultipleObjectsTimeout, Boolean allowCreate, Boolean onlyOneCheckConnection, DbConnectionOptions userOptions, DbConnectionInternal& connection)
   at System.Data.ProviderBase.DbConnectionPool.TryGetConnection(DbConnection owningObject, TaskCompletionSource`1 retry, DbConnectionOptions userOptions, DbConnectionInternal& connection)
   at System.Data.ProviderBase.DbConnectionFactory.TryGetConnection(DbConnection owningConnection, TaskCompletionSource`1 retry, DbConnectionOptions userOptions, DbConnectionInternal oldConnection, DbConnectionInternal& connection)
   at System.Data.ProviderBase.DbConnectionInternal.TryOpenConnectionInternal(DbConnection outerConnection, DbConnectionFactory connectionFactory, TaskCompletionSource`1 retry, DbConnectionOptions userOptions)
   at System.Data.ProviderBase.DbConnectionClosed.TryOpenConnection(DbConnection outerConnection, DbConnectionFactory connectionFactory, TaskCompletionSource`1 retry, DbConnectionOptions userOptions)
   at System.Data.SqlClient.SqlConnection.TryOpenInner(TaskCompletionSource`1 retry)
   at System.Data.SqlClient.SqlConnection.TryOpen(TaskCompletionSource`1 retry)
   at System.Data.SqlClient.SqlConnection.Open()
   at finance_ViewConnectMessages.GetConnectMessages(String envelopeID) in c:\Users\vasu.sampath\git\AdvancedFormsFieldsWorkflow\demos\ViewConnectMessages.aspx.cs:line 73
2015-12-23 23:17:33,447 [19] INFO  finance_ViewFormData 
----------------------------------------

2015-12-23 23:17:33,447 [19] ERROR finance_ViewFormData A network-related or instance-specific error occurred while establishing a connection to SQL Server. The server was not found or was not accessible. Verify that the instance name is correct and that SQL Server is configured to allow remote connections. (provider: SQL Network Interfaces, error: 26 - Error Locating Server/Instance Specified)
2015-12-23 23:17:33,448 [19] ERROR finance_ViewFormData    at System.Data.SqlClient.SqlInternalConnection.OnError(SqlException exception, Boolean breakConnection, Action`1 wrapCloseInAction)
   at System.Data.SqlClient.TdsParser.ThrowExceptionAndWarning(TdsParserStateObject stateObj, Boolean callerHasConnectionLock, Boolean asyncClose)
   at System.Data.SqlClient.TdsParser.Connect(ServerInfo serverInfo, SqlInternalConnectionTds connHandler, Boolean ignoreSniOpenTimeout, Int64 timerExpire, Boolean encrypt, Boolean trustServerCert, Boolean integratedSecurity, Boolean withFailover)
   at System.Data.SqlClient.SqlInternalConnectionTds.AttemptOneLogin(ServerInfo serverInfo, String newPassword, SecureString newSecurePassword, Boolean ignoreSniOpenTimeout, TimeoutTimer timeout, Boolean withFailover)
   at System.Data.SqlClient.SqlInternalConnectionTds.LoginNoFailover(ServerInfo serverInfo, String newPassword, SecureString newSecurePassword, Boolean redirectedUserInstance, SqlConnectionString connectionOptions, SqlCredential credential, TimeoutTimer timeout)
   at System.Data.SqlClient.SqlInternalConnectionTds.OpenLoginEnlist(TimeoutTimer timeout, SqlConnectionString connectionOptions, SqlCredential credential, String newPassword, SecureString newSecurePassword, Boolean redirectedUserInstance)
   at System.Data.SqlClient.SqlInternalConnectionTds..ctor(DbConnectionPoolIdentity identity, SqlConnectionString connectionOptions, SqlCredential credential, Object providerInfo, String newPassword, SecureString newSecurePassword, Boolean redirectedUserInstance, SqlConnectionString userConnectionOptions, SessionData reconnectSessionData)
   at System.Data.SqlClient.SqlConnectionFactory.CreateConnection(DbConnectionOptions options, DbConnectionPoolKey poolKey, Object poolGroupProviderInfo, DbConnectionPool pool, DbConnection owningConnection, DbConnectionOptions userOptions)
   at System.Data.ProviderBase.DbConnectionFactory.CreatePooledConnection(DbConnectionPool pool, DbConnection owningObject, DbConnectionOptions options, DbConnectionPoolKey poolKey, DbConnectionOptions userOptions)
   at System.Data.ProviderBase.DbConnectionPool.CreateObject(DbConnection owningObject, DbConnectionOptions userOptions, DbConnectionInternal oldConnection)
   at System.Data.ProviderBase.DbConnectionPool.UserCreateRequest(DbConnection owningObject, DbConnectionOptions userOptions, DbConnectionInternal oldConnection)
   at System.Data.ProviderBase.DbConnectionPool.TryGetConnection(DbConnection owningObject, UInt32 waitForMultipleObjectsTimeout, Boolean allowCreate, Boolean onlyOneCheckConnection, DbConnectionOptions userOptions, DbConnectionInternal& connection)
   at System.Data.ProviderBase.DbConnectionPool.TryGetConnection(DbConnection owningObject, TaskCompletionSource`1 retry, DbConnectionOptions userOptions, DbConnectionInternal& connection)
   at System.Data.ProviderBase.DbConnectionFactory.TryGetConnection(DbConnection owningConnection, TaskCompletionSource`1 retry, DbConnectionOptions userOptions, DbConnectionInternal oldConnection, DbConnectionInternal& connection)
   at System.Data.ProviderBase.DbConnectionInternal.TryOpenConnectionInternal(DbConnection outerConnection, DbConnectionFactory connectionFactory, TaskCompletionSource`1 retry, DbConnectionOptions userOptions)
   at System.Data.ProviderBase.DbConnectionClosed.TryOpenConnection(DbConnection outerConnection, DbConnectionFactory connectionFactory, TaskCompletionSource`1 retry, DbConnectionOptions userOptions)
   at System.Data.SqlClient.SqlConnection.TryOpenInner(TaskCompletionSource`1 retry)
   at System.Data.SqlClient.SqlConnection.TryOpen(TaskCompletionSource`1 retry)
   at System.Data.SqlClient.SqlConnection.Open()
   at finance_ViewFormData.GetEnvelopeData(String envelopeID) in c:\Users\vasu.sampath\git\AdvancedFormsFieldsWorkflow\demos\ViewFormData.aspx.cs:line 192
2015-12-23 23:17:33,449 [19] INFO  finance_ViewFormData 
----------------------------------------

2015-12-23 23:17:33,449 [19] ERROR finance_ViewFormData Value cannot be null.
Parameter name: s
2015-12-23 23:17:33,453 [19] ERROR finance_ViewFormData    at System.IO.StringReader..ctor(String s)
   at System.Xml.XmlDocument.LoadXml(String xml)
   at finance_ViewFormData.fillEnvelopeCustomFields() in c:\Users\vasu.sampath\git\AdvancedFormsFieldsWorkflow\demos\ViewFormData.aspx.cs:line 54
2015-12-23 23:17:33,454 [19] INFO  finance_ViewFormData 
----------------------------------------

2015-12-23 23:17:33,454 [19] ERROR finance_ViewFormData A network-related or instance-specific error occurred while establishing a connection to SQL Server. The server was not found or was not accessible. Verify that the instance name is correct and that SQL Server is configured to allow remote connections. (provider: SQL Network Interfaces, error: 26 - Error Locating Server/Instance Specified)
2015-12-23 23:17:33,455 [19] ERROR finance_ViewFormData    at System.Data.ProviderBase.DbConnectionPool.TryGetConnection(DbConnection owningObject, UInt32 waitForMultipleObjectsTimeout, Boolean allowCreate, Boolean onlyOneCheckConnection, DbConnectionOptions userOptions, DbConnectionInternal& connection)
   at System.Data.ProviderBase.DbConnectionPool.TryGetConnection(DbConnection owningObject, TaskCompletionSource`1 retry, DbConnectionOptions userOptions, DbConnectionInternal& connection)
   at System.Data.ProviderBase.DbConnectionFactory.TryGetConnection(DbConnection owningConnection, TaskCompletionSource`1 retry, DbConnectionOptions userOptions, DbConnectionInternal oldConnection, DbConnectionInternal& connection)
   at System.Data.ProviderBase.DbConnectionInternal.TryOpenConnectionInternal(DbConnection outerConnection, DbConnectionFactory connectionFactory, TaskCompletionSource`1 retry, DbConnectionOptions userOptions)
   at System.Data.ProviderBase.DbConnectionClosed.TryOpenConnection(DbConnection outerConnection, DbConnectionFactory connectionFactory, TaskCompletionSource`1 retry, DbConnectionOptions userOptions)
   at System.Data.SqlClient.SqlConnection.TryOpenInner(TaskCompletionSource`1 retry)
   at System.Data.SqlClient.SqlConnection.TryOpen(TaskCompletionSource`1 retry)
   at System.Data.SqlClient.SqlConnection.Open()
   at finance_ViewFormData.GetEnvelopeData(String envelopeID) in c:\Users\vasu.sampath\git\AdvancedFormsFieldsWorkflow\demos\ViewFormData.aspx.cs:line 192
2015-12-23 23:17:33,455 [19] INFO  finance_ViewFormData 
----------------------------------------

2015-12-23 23:17:33,455 [19] ERROR finance_ViewFormData Value cannot be null.
Parameter name: s
2015-12-23 23:17:33,456 [19] ERROR finance_ViewFormData    at System.IO.StringReader..ctor(String s)
   at System.Xml.XmlDocument.LoadXml(String xml)
   at finance_ViewFormData.fillFieldData() in c:\Users\vasu.sampath\git\AdvancedFormsFieldsWorkflow\demos\ViewFormData.aspx.cs:line 131
